<?xml version="1.0" encoding="UTF-8"?>
<!-- Generated by org.testng.reporters.JUnitReportReporter -->
<testsuite hostname="DESKTOP-RDIF8I4" failures="0" tests="1" name="com.ebanking.testCases.TC_LoginTest_001" time="2.563" errors="0" timestamp="2022-04-30T17:04:42 EET" skipped="0">
  <testcase classname="com.ebanking.testCases.TC_LoginTest_001" name="LoginTest" time="2.563"/>
  <system-out/>
</testsuite> <!-- com.ebanking.testCases.TC_LoginTest_001 -->
